Aug 27, 2013 11:52:17 AM org.apache.catalina.core.ApplicationContext log
INFO: ContextListener: contextInitialized()
Aug 27, 2013 11:52:17 AM org.apache.catalina.core.ApplicationContext log
INFO: SessionListener: contextInitialized()
Aug 27, 2013 11:52:17 AM org.apache.catalina.core.ApplicationContext log
INFO: ContextListener: attributeAdded('org.apache.jasper.compiler.TldLocationsCache', 'org.apache.jasper.compiler.TldLocationsCache@1450cc63')
Aug 27, 2013 12:28:27 PM org.apache.catalina.core.ApplicationContext log
INFO: ContextListener: contextInitialized()
Aug 27, 2013 12:28:27 PM org.apache.catalina.core.ApplicationContext log
INFO: SessionListener: contextInitialized()
Aug 27, 2013 12:28:27 PM org.apache.catalina.core.ApplicationContext log
INFO: ContextListener: attributeAdded('org.apache.jasper.compiler.TldLocationsCache', 'org.apache.jasper.compiler.TldLocationsCache@5566f63a')
Aug 27, 2013 12:28:27 PM org.apache.catalina.core.ApplicationContext log
INFO: SessionListener: contextDestroyed()
Aug 27, 2013 12:28:27 PM org.apache.catalina.core.ApplicationContext log
INFO: ContextListener: contextDestroyed()
Aug 27, 2013 12:35:15 PM org.apache.catalina.core.StandardWrapperValve invoke
SEVERE: Servlet.service() for servlet [actionServlet] in context with path [/leadapp] threw exception [com.javachap.service.impl.ServiceException: org.hibernate.exception.GenericJDBCException: Cannot open connection] with root cause
java.sql.SQLException: Access denied for user 'root'@'localhost' (using password: YES)
	at com.mysql.jdbc.MysqlIO.checkErrorPacket(MysqlIO.java:2851)
	at com.mysql.jdbc.MysqlIO.checkErrorPacket(MysqlIO.java:753)
	at com.mysql.jdbc.MysqlIO.secureAuth411(MysqlIO.java:3562)
	at com.mysql.jdbc.MysqlIO.doHandshake(MysqlIO.java:1154)
	at com.mysql.jdbc.Connection.createNewIO(Connection.java:1702)
	at com.mysql.jdbc.Connection.<init>(Connection.java:405)
	at com.mysql.jdbc.NonRegisteringDriver.connect(NonRegisteringDriver.java:268)
	at java.sql.DriverManager.getConnection(DriverManager.java:571)
	at java.sql.DriverManager.getConnection(DriverManager.java:187)
	at org.hibernate.connection.DriverManagerConnectionProvider.getConnection(DriverManagerConnectionProvider.java:110)
	at org.hibernate.jdbc.AbstractBatcher.openConnection(AbstractBatcher.java:381)
	at org.hibernate.jdbc.JDBCContext.connect(JDBCContext.java:141)
	at org.hibernate.jdbc.JDBCContext.connection(JDBCContext.java:88)
	at org.hibernate.jdbc.AbstractBatcher.prepareQueryStatement(AbstractBatcher.java:85)
	at org.hibernate.loader.Loader.prepareQueryStatement(Loader.java:1090)
	at org.hibernate.loader.Loader.doQuery(Loader.java:362)
	at org.hibernate.loader.Loader.doQueryAndInitializeNonLazyCollections(Loader.java:203)
	at org.hibernate.loader.Loader.doList(Loader.java:1499)
	at org.hibernate.loader.Loader.list(Loader.java:1482)
	at org.hibernate.loader.hql.QueryLoader.list(QueryLoader.java:365)
	at org.hibernate.hql.ast.QueryTranslatorImpl.list(QueryTranslatorImpl.java:268)
	at org.hibernate.impl.SessionImpl.list(SessionImpl.java:782)
	at org.hibernate.impl.QueryImpl.list(QueryImpl.java:74)
	at com.javachap.service.impl.UserServiceImpl.authenticate(UserServiceImpl.java:47)
	at com.javachap.web.controller.LoginAction.execute(LoginAction.java:29)
	at org.apache.struts.chain.commands.servlet.ExecuteAction.execute(ExecuteAction.java:58)
	at org.apache.struts.chain.commands.AbstractExecuteAction.execute(AbstractExecuteAction.java:67)
	at org.apache.struts.chain.commands.ActionCommandBase.execute(ActionCommandBase.java:51)
	at org.apache.commons.chain.impl.ChainBase.execute(ChainBase.java:190)
	at org.apache.commons.chain.generic.LookupCommand.execute(LookupCommand.java:304)
	at org.apache.commons.chain.impl.ChainBase.execute(ChainBase.java:190)
	at org.apache.struts.chain.ComposableRequestProcessor.process(ComposableRequestProcessor.java:283)
	at org.apache.struts.action.ActionServlet.process(ActionServlet.java:1913)
	at org.apache.struts.action.ActionServlet.doPost(ActionServlet.java:462)
	at javax.servlet.http.HttpServlet.service(HttpServlet.java:647)
	at javax.servlet.http.HttpServlet.service(HttpServlet.java:728)
	at org.apache.catalina.core.ApplicationFilterChain.internalDoFilter(ApplicationFilterChain.java:305)
	at org.apache.catalina.core.ApplicationFilterChain.doFilter(ApplicationFilterChain.java:210)
	at org.apache.catalina.core.StandardWrapperValve.invoke(StandardWrapperValve.java:222)
	at org.apache.catalina.core.StandardContextValve.invoke(StandardContextValve.java:123)
	at org.apache.catalina.authenticator.AuthenticatorBase.invoke(AuthenticatorBase.java:502)
	at org.apache.catalina.core.StandardHostValve.invoke(StandardHostValve.java:171)
	at org.apache.catalina.valves.ErrorReportValve.invoke(ErrorReportValve.java:99)
	at org.apache.catalina.valves.AccessLogValve.invoke(AccessLogValve.java:953)
	at org.apache.catalina.core.StandardEngineValve.invoke(StandardEngineValve.java:118)
	at org.apache.catalina.connector.CoyoteAdapter.service(CoyoteAdapter.java:408)
	at org.apache.coyote.http11.AbstractHttp11Processor.process(AbstractHttp11Processor.java:1023)
	at org.apache.coyote.AbstractProtocol$AbstractConnectionHandler.process(AbstractProtocol.java:589)
	at org.apache.tomcat.util.net.JIoEndpoint$SocketProcessor.run(JIoEndpoint.java:310)
	at java.util.concurrent.ThreadPoolExecutor.runWorker(ThreadPoolExecutor.java:1145)
	at java.util.concurrent.ThreadPoolExecutor$Worker.run(ThreadPoolExecutor.java:615)
	at java.lang.Thread.run(Thread.java:724)

Aug 27, 2013 12:36:05 PM org.apache.catalina.core.StandardWrapperValve invoke
SEVERE: Servlet.service() for servlet [actionServlet] in context with path [/leadapp] threw exception [com.javachap.service.impl.ServiceException: org.hibernate.exception.GenericJDBCException: Cannot open connection] with root cause
java.sql.SQLException: Access denied for user 'root'@'localhost' (using password: YES)
	at com.mysql.jdbc.MysqlIO.checkErrorPacket(MysqlIO.java:2851)
	at com.mysql.jdbc.MysqlIO.checkErrorPacket(MysqlIO.java:753)
	at com.mysql.jdbc.MysqlIO.secureAuth411(MysqlIO.java:3562)
	at com.mysql.jdbc.MysqlIO.doHandshake(MysqlIO.java:1154)
	at com.mysql.jdbc.Connection.createNewIO(Connection.java:1702)
	at com.mysql.jdbc.Connection.<init>(Connection.java:405)
	at com.mysql.jdbc.NonRegisteringDriver.connect(NonRegisteringDriver.java:268)
	at java.sql.DriverManager.getConnection(DriverManager.java:571)
	at java.sql.DriverManager.getConnection(DriverManager.java:187)
	at org.hibernate.connection.DriverManagerConnectionProvider.getConnection(DriverManagerConnectionProvider.java:110)
	at org.hibernate.jdbc.AbstractBatcher.openConnection(AbstractBatcher.java:381)
	at org.hibernate.jdbc.JDBCContext.connect(JDBCContext.java:141)
	at org.hibernate.jdbc.JDBCContext.connection(JDBCContext.java:88)
	at org.hibernate.jdbc.AbstractBatcher.prepareQueryStatement(AbstractBatcher.java:85)
	at org.hibernate.loader.Loader.prepareQueryStatement(Loader.java:1090)
	at org.hibernate.loader.Loader.doQuery(Loader.java:362)
	at org.hibernate.loader.Loader.doQueryAndInitializeNonLazyCollections(Loader.java:203)
	at org.hibernate.loader.Loader.doList(Loader.java:1499)
	at org.hibernate.loader.Loader.list(Loader.java:1482)
	at org.hibernate.loader.hql.QueryLoader.list(QueryLoader.java:365)
	at org.hibernate.hql.ast.QueryTranslatorImpl.list(QueryTranslatorImpl.java:268)
	at org.hibernate.impl.SessionImpl.list(SessionImpl.java:782)
	at org.hibernate.impl.QueryImpl.list(QueryImpl.java:74)
	at com.javachap.service.impl.UserServiceImpl.authenticate(UserServiceImpl.java:47)
	at com.javachap.web.controller.LoginAction.execute(LoginAction.java:29)
	at org.apache.struts.chain.commands.servlet.ExecuteAction.execute(ExecuteAction.java:58)
	at org.apache.struts.chain.commands.AbstractExecuteAction.execute(AbstractExecuteAction.java:67)
	at org.apache.struts.chain.commands.ActionCommandBase.execute(ActionCommandBase.java:51)
	at org.apache.commons.chain.impl.ChainBase.execute(ChainBase.java:190)
	at org.apache.commons.chain.generic.LookupCommand.execute(LookupCommand.java:304)
	at org.apache.commons.chain.impl.ChainBase.execute(ChainBase.java:190)
	at org.apache.struts.chain.ComposableRequestProcessor.process(ComposableRequestProcessor.java:283)
	at org.apache.struts.action.ActionServlet.process(ActionServlet.java:1913)
	at org.apache.struts.action.ActionServlet.doPost(ActionServlet.java:462)
	at javax.servlet.http.HttpServlet.service(HttpServlet.java:647)
	at javax.servlet.http.HttpServlet.service(HttpServlet.java:728)
	at org.apache.catalina.core.ApplicationFilterChain.internalDoFilter(ApplicationFilterChain.java:305)
	at org.apache.catalina.core.ApplicationFilterChain.doFilter(ApplicationFilterChain.java:210)
	at org.apache.catalina.core.StandardWrapperValve.invoke(StandardWrapperValve.java:222)
	at org.apache.catalina.core.StandardContextValve.invoke(StandardContextValve.java:123)
	at org.apache.catalina.authenticator.AuthenticatorBase.invoke(AuthenticatorBase.java:502)
	at org.apache.catalina.core.StandardHostValve.invoke(StandardHostValve.java:171)
	at org.apache.catalina.valves.ErrorReportValve.invoke(ErrorReportValve.java:99)
	at org.apache.catalina.valves.AccessLogValve.invoke(AccessLogValve.java:953)
	at org.apache.catalina.core.StandardEngineValve.invoke(StandardEngineValve.java:118)
	at org.apache.catalina.connector.CoyoteAdapter.service(CoyoteAdapter.java:408)
	at org.apache.coyote.http11.AbstractHttp11Processor.process(AbstractHttp11Processor.java:1023)
	at org.apache.coyote.AbstractProtocol$AbstractConnectionHandler.process(AbstractProtocol.java:589)
	at org.apache.tomcat.util.net.JIoEndpoint$SocketProcessor.run(JIoEndpoint.java:310)
	at java.util.concurrent.ThreadPoolExecutor.runWorker(ThreadPoolExecutor.java:1145)
	at java.util.concurrent.ThreadPoolExecutor$Worker.run(ThreadPoolExecutor.java:615)
	at java.lang.Thread.run(Thread.java:724)

Aug 27, 2013 12:40:16 PM org.apache.catalina.core.ApplicationContext log
INFO: ContextListener: contextInitialized()
Aug 27, 2013 12:40:16 PM org.apache.catalina.core.ApplicationContext log
INFO: SessionListener: contextInitialized()
Aug 27, 2013 12:40:16 PM org.apache.catalina.core.ApplicationContext log
INFO: ContextListener: attributeAdded('org.apache.jasper.compiler.TldLocationsCache', 'org.apache.jasper.compiler.TldLocationsCache@396ebed8')
Aug 27, 2013 12:40:16 PM org.apache.catalina.core.ApplicationContext log
INFO: SessionListener: contextDestroyed()
Aug 27, 2013 12:40:16 PM org.apache.catalina.core.ApplicationContext log
INFO: ContextListener: contextDestroyed()
Aug 27, 2013 12:40:43 PM org.apache.catalina.core.StandardWrapperValve invoke
SEVERE: Servlet.service() for servlet [actionServlet] in context with path [/leadapp] threw exception [com.javachap.service.impl.ServiceException: org.hibernate.exception.GenericJDBCException: Cannot open connection] with root cause
java.sql.SQLException: Access denied for user 'root'@'localhost' (using password: YES)
	at com.mysql.jdbc.MysqlIO.checkErrorPacket(MysqlIO.java:2851)
	at com.mysql.jdbc.MysqlIO.checkErrorPacket(MysqlIO.java:753)
	at com.mysql.jdbc.MysqlIO.secureAuth411(MysqlIO.java:3562)
	at com.mysql.jdbc.MysqlIO.doHandshake(MysqlIO.java:1154)
	at com.mysql.jdbc.Connection.createNewIO(Connection.java:1702)
	at com.mysql.jdbc.Connection.<init>(Connection.java:405)
	at com.mysql.jdbc.NonRegisteringDriver.connect(NonRegisteringDriver.java:268)
	at java.sql.DriverManager.getConnection(DriverManager.java:571)
	at java.sql.DriverManager.getConnection(DriverManager.java:187)
	at org.hibernate.connection.DriverManagerConnectionProvider.getConnection(DriverManagerConnectionProvider.java:110)
	at org.hibernate.jdbc.AbstractBatcher.openConnection(AbstractBatcher.java:381)
	at org.hibernate.jdbc.JDBCContext.connect(JDBCContext.java:141)
	at org.hibernate.jdbc.JDBCContext.connection(JDBCContext.java:88)
	at org.hibernate.jdbc.AbstractBatcher.prepareQueryStatement(AbstractBatcher.java:85)
	at org.hibernate.loader.Loader.prepareQueryStatement(Loader.java:1090)
	at org.hibernate.loader.Loader.doQuery(Loader.java:362)
	at org.hibernate.loader.Loader.doQueryAndInitializeNonLazyCollections(Loader.java:203)
	at org.hibernate.loader.Loader.doList(Loader.java:1499)
	at org.hibernate.loader.Loader.list(Loader.java:1482)
	at org.hibernate.loader.hql.QueryLoader.list(QueryLoader.java:365)
	at org.hibernate.hql.ast.QueryTranslatorImpl.list(QueryTranslatorImpl.java:268)
	at org.hibernate.impl.SessionImpl.list(SessionImpl.java:782)
	at org.hibernate.impl.QueryImpl.list(QueryImpl.java:74)
	at com.javachap.service.impl.UserServiceImpl.authenticate(UserServiceImpl.java:47)
	at com.javachap.web.controller.LoginAction.execute(LoginAction.java:29)
	at org.apache.struts.chain.commands.servlet.ExecuteAction.execute(ExecuteAction.java:58)
	at org.apache.struts.chain.commands.AbstractExecuteAction.execute(AbstractExecuteAction.java:67)
	at org.apache.struts.chain.commands.ActionCommandBase.execute(ActionCommandBase.java:51)
	at org.apache.commons.chain.impl.ChainBase.execute(ChainBase.java:190)
	at org.apache.commons.chain.generic.LookupCommand.execute(LookupCommand.java:304)
	at org.apache.commons.chain.impl.ChainBase.execute(ChainBase.java:190)
	at org.apache.struts.chain.ComposableRequestProcessor.process(ComposableRequestProcessor.java:283)
	at org.apache.struts.action.ActionServlet.process(ActionServlet.java:1913)
	at org.apache.struts.action.ActionServlet.doPost(ActionServlet.java:462)
	at javax.servlet.http.HttpServlet.service(HttpServlet.java:647)
	at javax.servlet.http.HttpServlet.service(HttpServlet.java:728)
	at org.apache.catalina.core.ApplicationFilterChain.internalDoFilter(ApplicationFilterChain.java:305)
	at org.apache.catalina.core.ApplicationFilterChain.doFilter(ApplicationFilterChain.java:210)
	at org.apache.catalina.core.StandardWrapperValve.invoke(StandardWrapperValve.java:222)
	at org.apache.catalina.core.StandardContextValve.invoke(StandardContextValve.java:123)
	at org.apache.catalina.authenticator.AuthenticatorBase.invoke(AuthenticatorBase.java:502)
	at org.apache.catalina.core.StandardHostValve.invoke(StandardHostValve.java:171)
	at org.apache.catalina.valves.ErrorReportValve.invoke(ErrorReportValve.java:99)
	at org.apache.catalina.valves.AccessLogValve.invoke(AccessLogValve.java:953)
	at org.apache.catalina.core.StandardEngineValve.invoke(StandardEngineValve.java:118)
	at org.apache.catalina.connector.CoyoteAdapter.service(CoyoteAdapter.java:408)
	at org.apache.coyote.http11.AbstractHttp11Processor.process(AbstractHttp11Processor.java:1023)
	at org.apache.coyote.AbstractProtocol$AbstractConnectionHandler.process(AbstractProtocol.java:589)
	at org.apache.tomcat.util.net.JIoEndpoint$SocketProcessor.run(JIoEndpoint.java:312)
	at java.util.concurrent.ThreadPoolExecutor.runWorker(ThreadPoolExecutor.java:1145)
	at java.util.concurrent.ThreadPoolExecutor$Worker.run(ThreadPoolExecutor.java:615)
	at java.lang.Thread.run(Thread.java:724)

Aug 27, 2013 12:41:24 PM org.apache.catalina.core.StandardWrapperValve invoke
SEVERE: Servlet.service() for servlet [actionServlet] in context with path [/leadapp] threw exception [com.javachap.service.impl.ServiceException: org.hibernate.exception.GenericJDBCException: Cannot open connection] with root cause
java.sql.SQLException: Access denied for user 'root'@'localhost' (using password: YES)
	at com.mysql.jdbc.MysqlIO.checkErrorPacket(MysqlIO.java:2851)
	at com.mysql.jdbc.MysqlIO.checkErrorPacket(MysqlIO.java:753)
	at com.mysql.jdbc.MysqlIO.secureAuth411(MysqlIO.java:3562)
	at com.mysql.jdbc.MysqlIO.doHandshake(MysqlIO.java:1154)
	at com.mysql.jdbc.Connection.createNewIO(Connection.java:1702)
	at com.mysql.jdbc.Connection.<init>(Connection.java:405)
	at com.mysql.jdbc.NonRegisteringDriver.connect(NonRegisteringDriver.java:268)
	at java.sql.DriverManager.getConnection(DriverManager.java:571)
	at java.sql.DriverManager.getConnection(DriverManager.java:187)
	at org.hibernate.connection.DriverManagerConnectionProvider.getConnection(DriverManagerConnectionProvider.java:110)
	at org.hibernate.jdbc.AbstractBatcher.openConnection(AbstractBatcher.java:381)
	at org.hibernate.jdbc.JDBCContext.connect(JDBCContext.java:141)
	at org.hibernate.jdbc.JDBCContext.connection(JDBCContext.java:88)
	at org.hibernate.jdbc.AbstractBatcher.prepareQueryStatement(AbstractBatcher.java:85)
	at org.hibernate.loader.Loader.prepareQueryStatement(Loader.java:1090)
	at org.hibernate.loader.Loader.doQuery(Loader.java:362)
	at org.hibernate.loader.Loader.doQueryAndInitializeNonLazyCollections(Loader.java:203)
	at org.hibernate.loader.Loader.doList(Loader.java:1499)
	at org.hibernate.loader.Loader.list(Loader.java:1482)
	at org.hibernate.loader.hql.QueryLoader.list(QueryLoader.java:365)
	at org.hibernate.hql.ast.QueryTranslatorImpl.list(QueryTranslatorImpl.java:268)
	at org.hibernate.impl.SessionImpl.list(SessionImpl.java:782)
	at org.hibernate.impl.QueryImpl.list(QueryImpl.java:74)
	at com.javachap.service.impl.UserServiceImpl.authenticate(UserServiceImpl.java:47)
	at com.javachap.web.controller.LoginAction.execute(LoginAction.java:29)
	at org.apache.struts.chain.commands.servlet.ExecuteAction.execute(ExecuteAction.java:58)
	at org.apache.struts.chain.commands.AbstractExecuteAction.execute(AbstractExecuteAction.java:67)
	at org.apache.struts.chain.commands.ActionCommandBase.execute(ActionCommandBase.java:51)
	at org.apache.commons.chain.impl.ChainBase.execute(ChainBase.java:190)
	at org.apache.commons.chain.generic.LookupCommand.execute(LookupCommand.java:304)
	at org.apache.commons.chain.impl.ChainBase.execute(ChainBase.java:190)
	at org.apache.struts.chain.ComposableRequestProcessor.process(ComposableRequestProcessor.java:283)
	at org.apache.struts.action.ActionServlet.process(ActionServlet.java:1913)
	at org.apache.struts.action.ActionServlet.doPost(ActionServlet.java:462)
	at javax.servlet.http.HttpServlet.service(HttpServlet.java:647)
	at javax.servlet.http.HttpServlet.service(HttpServlet.java:728)
	at org.apache.catalina.core.ApplicationFilterChain.internalDoFilter(ApplicationFilterChain.java:305)
	at org.apache.catalina.core.ApplicationFilterChain.doFilter(ApplicationFilterChain.java:210)
	at org.apache.catalina.core.StandardWrapperValve.invoke(StandardWrapperValve.java:222)
	at org.apache.catalina.core.StandardContextValve.invoke(StandardContextValve.java:123)
	at org.apache.catalina.authenticator.AuthenticatorBase.invoke(AuthenticatorBase.java:502)
	at org.apache.catalina.core.StandardHostValve.invoke(StandardHostValve.java:171)
	at org.apache.catalina.valves.ErrorReportValve.invoke(ErrorReportValve.java:99)
	at org.apache.catalina.valves.AccessLogValve.invoke(AccessLogValve.java:953)
	at org.apache.catalina.core.StandardEngineValve.invoke(StandardEngineValve.java:118)
	at org.apache.catalina.connector.CoyoteAdapter.service(CoyoteAdapter.java:408)
	at org.apache.coyote.http11.AbstractHttp11Processor.process(AbstractHttp11Processor.java:1023)
	at org.apache.coyote.AbstractProtocol$AbstractConnectionHandler.process(AbstractProtocol.java:589)
	at org.apache.tomcat.util.net.JIoEndpoint$SocketProcessor.run(JIoEndpoint.java:312)
	at java.util.concurrent.ThreadPoolExecutor.runWorker(ThreadPoolExecutor.java:1145)
	at java.util.concurrent.ThreadPoolExecutor$Worker.run(ThreadPoolExecutor.java:615)
	at java.lang.Thread.run(Thread.java:724)

Aug 27, 2013 12:52:15 PM org.apache.catalina.core.StandardWrapperValve invoke
SEVERE: Servlet.service() for servlet [actionServlet] in context with path [/leadapp] threw exception [com.javachap.service.impl.ServiceException: org.hibernate.exception.GenericJDBCException: Cannot open connection] with root cause
java.sql.SQLException: Access denied for user 'root'@'localhost' (using password: YES)
	at com.mysql.jdbc.MysqlIO.checkErrorPacket(MysqlIO.java:2851)
	at com.mysql.jdbc.MysqlIO.checkErrorPacket(MysqlIO.java:753)
	at com.mysql.jdbc.MysqlIO.secureAuth411(MysqlIO.java:3562)
	at com.mysql.jdbc.MysqlIO.doHandshake(MysqlIO.java:1154)
	at com.mysql.jdbc.Connection.createNewIO(Connection.java:1702)
	at com.mysql.jdbc.Connection.<init>(Connection.java:405)
	at com.mysql.jdbc.NonRegisteringDriver.connect(NonRegisteringDriver.java:268)
	at java.sql.DriverManager.getConnection(DriverManager.java:571)
	at java.sql.DriverManager.getConnection(DriverManager.java:187)
	at org.hibernate.connection.DriverManagerConnectionProvider.getConnection(DriverManagerConnectionProvider.java:110)
	at org.hibernate.jdbc.AbstractBatcher.openConnection(AbstractBatcher.java:381)
	at org.hibernate.jdbc.JDBCContext.connect(JDBCContext.java:141)
	at org.hibernate.jdbc.JDBCContext.connection(JDBCContext.java:88)
	at org.hibernate.jdbc.AbstractBatcher.prepareQueryStatement(AbstractBatcher.java:85)
	at org.hibernate.loader.Loader.prepareQueryStatement(Loader.java:1090)
	at org.hibernate.loader.Loader.doQuery(Loader.java:362)
	at org.hibernate.loader.Loader.doQueryAndInitializeNonLazyCollections(Loader.java:203)
	at org.hibernate.loader.Loader.doList(Loader.java:1499)
	at org.hibernate.loader.Loader.list(Loader.java:1482)
	at org.hibernate.loader.hql.QueryLoader.list(QueryLoader.java:365)
	at org.hibernate.hql.ast.QueryTranslatorImpl.list(QueryTranslatorImpl.java:268)
	at org.hibernate.impl.SessionImpl.list(SessionImpl.java:782)
	at org.hibernate.impl.QueryImpl.list(QueryImpl.java:74)
	at com.javachap.service.impl.UserServiceImpl.authenticate(UserServiceImpl.java:47)
	at com.javachap.web.controller.LoginAction.execute(LoginAction.java:29)
	at org.apache.struts.chain.commands.servlet.ExecuteAction.execute(ExecuteAction.java:58)
	at org.apache.struts.chain.commands.AbstractExecuteAction.execute(AbstractExecuteAction.java:67)
	at org.apache.struts.chain.commands.ActionCommandBase.execute(ActionCommandBase.java:51)
	at org.apache.commons.chain.impl.ChainBase.execute(ChainBase.java:190)
	at org.apache.commons.chain.generic.LookupCommand.execute(LookupCommand.java:304)
	at org.apache.commons.chain.impl.ChainBase.execute(ChainBase.java:190)
	at org.apache.struts.chain.ComposableRequestProcessor.process(ComposableRequestProcessor.java:283)
	at org.apache.struts.action.ActionServlet.process(ActionServlet.java:1913)
	at org.apache.struts.action.ActionServlet.doPost(ActionServlet.java:462)
	at javax.servlet.http.HttpServlet.service(HttpServlet.java:647)
	at javax.servlet.http.HttpServlet.service(HttpServlet.java:728)
	at org.apache.catalina.core.ApplicationFilterChain.internalDoFilter(ApplicationFilterChain.java:305)
	at org.apache.catalina.core.ApplicationFilterChain.doFilter(ApplicationFilterChain.java:210)
	at org.apache.catalina.core.StandardWrapperValve.invoke(StandardWrapperValve.java:222)
	at org.apache.catalina.core.StandardContextValve.invoke(StandardContextValve.java:123)
	at org.apache.catalina.authenticator.AuthenticatorBase.invoke(AuthenticatorBase.java:502)
	at org.apache.catalina.core.StandardHostValve.invoke(StandardHostValve.java:171)
	at org.apache.catalina.valves.ErrorReportValve.invoke(ErrorReportValve.java:99)
	at org.apache.catalina.valves.AccessLogValve.invoke(AccessLogValve.java:953)
	at org.apache.catalina.core.StandardEngineValve.invoke(StandardEngineValve.java:118)
	at org.apache.catalina.connector.CoyoteAdapter.service(CoyoteAdapter.java:408)
	at org.apache.coyote.http11.AbstractHttp11Processor.process(AbstractHttp11Processor.java:1023)
	at org.apache.coyote.AbstractProtocol$AbstractConnectionHandler.process(AbstractProtocol.java:589)
	at org.apache.tomcat.util.net.JIoEndpoint$SocketProcessor.run(JIoEndpoint.java:310)
	at java.util.concurrent.ThreadPoolExecutor.runWorker(ThreadPoolExecutor.java:1145)
	at java.util.concurrent.ThreadPoolExecutor$Worker.run(ThreadPoolExecutor.java:615)
	at java.lang.Thread.run(Thread.java:724)

Aug 27, 2013 12:54:07 PM org.apache.catalina.core.ApplicationContext log
INFO: ContextListener: contextInitialized()
Aug 27, 2013 12:54:07 PM org.apache.catalina.core.ApplicationContext log
INFO: SessionListener: contextInitialized()
Aug 27, 2013 12:54:07 PM org.apache.catalina.core.ApplicationContext log
INFO: ContextListener: attributeAdded('org.apache.jasper.compiler.TldLocationsCache', 'org.apache.jasper.compiler.TldLocationsCache@7d316e00')
Aug 27, 2013 12:54:08 PM org.apache.catalina.core.ApplicationContext log
INFO: SessionListener: contextDestroyed()
Aug 27, 2013 12:54:08 PM org.apache.catalina.core.ApplicationContext log
INFO: ContextListener: contextDestroyed()
Aug 27, 2013 12:54:37 PM org.apache.catalina.core.StandardWrapperValve invoke
SEVERE: Servlet.service() for servlet [actionServlet] in context with path [/leadapp] threw exception [com.javachap.service.impl.ServiceException: org.hibernate.exception.GenericJDBCException: Cannot open connection] with root cause
java.sql.SQLException: Access denied for user 'root'@'localhost' (using password: YES)
	at com.mysql.jdbc.MysqlIO.checkErrorPacket(MysqlIO.java:2851)
	at com.mysql.jdbc.MysqlIO.checkErrorPacket(MysqlIO.java:753)
	at com.mysql.jdbc.MysqlIO.secureAuth411(MysqlIO.java:3562)
	at com.mysql.jdbc.MysqlIO.doHandshake(MysqlIO.java:1154)
	at com.mysql.jdbc.Connection.createNewIO(Connection.java:1702)
	at com.mysql.jdbc.Connection.<init>(Connection.java:405)
	at com.mysql.jdbc.NonRegisteringDriver.connect(NonRegisteringDriver.java:268)
	at java.sql.DriverManager.getConnection(DriverManager.java:571)
	at java.sql.DriverManager.getConnection(DriverManager.java:187)
	at org.hibernate.connection.DriverManagerConnectionProvider.getConnection(DriverManagerConnectionProvider.java:110)
	at org.hibernate.jdbc.AbstractBatcher.openConnection(AbstractBatcher.java:381)
	at org.hibernate.jdbc.JDBCContext.connect(JDBCContext.java:141)
	at org.hibernate.jdbc.JDBCContext.connection(JDBCContext.java:88)
	at org.hibernate.jdbc.AbstractBatcher.prepareQueryStatement(AbstractBatcher.java:85)
	at org.hibernate.loader.Loader.prepareQueryStatement(Loader.java:1090)
	at org.hibernate.loader.Loader.doQuery(Loader.java:362)
	at org.hibernate.loader.Loader.doQueryAndInitializeNonLazyCollections(Loader.java:203)
	at org.hibernate.loader.Loader.doList(Loader.java:1499)
	at org.hibernate.loader.Loader.list(Loader.java:1482)
	at org.hibernate.loader.hql.QueryLoader.list(QueryLoader.java:365)
	at org.hibernate.hql.ast.QueryTranslatorImpl.list(QueryTranslatorImpl.java:268)
	at org.hibernate.impl.SessionImpl.list(SessionImpl.java:782)
	at org.hibernate.impl.QueryImpl.list(QueryImpl.java:74)
	at com.javachap.service.impl.UserServiceImpl.authenticate(UserServiceImpl.java:47)
	at com.javachap.web.controller.LoginAction.execute(LoginAction.java:29)
	at org.apache.struts.chain.commands.servlet.ExecuteAction.execute(ExecuteAction.java:58)
	at org.apache.struts.chain.commands.AbstractExecuteAction.execute(AbstractExecuteAction.java:67)
	at org.apache.struts.chain.commands.ActionCommandBase.execute(ActionCommandBase.java:51)
	at org.apache.commons.chain.impl.ChainBase.execute(ChainBase.java:190)
	at org.apache.commons.chain.generic.LookupCommand.execute(LookupCommand.java:304)
	at org.apache.commons.chain.impl.ChainBase.execute(ChainBase.java:190)
	at org.apache.struts.chain.ComposableRequestProcessor.process(ComposableRequestProcessor.java:283)
	at org.apache.struts.action.ActionServlet.process(ActionServlet.java:1913)
	at org.apache.struts.action.ActionServlet.doPost(ActionServlet.java:462)
	at javax.servlet.http.HttpServlet.service(HttpServlet.java:647)
	at javax.servlet.http.HttpServlet.service(HttpServlet.java:728)
	at org.apache.catalina.core.ApplicationFilterChain.internalDoFilter(ApplicationFilterChain.java:305)
	at org.apache.catalina.core.ApplicationFilterChain.doFilter(ApplicationFilterChain.java:210)
	at org.apache.catalina.core.StandardWrapperValve.invoke(StandardWrapperValve.java:222)
	at org.apache.catalina.core.StandardContextValve.invoke(StandardContextValve.java:123)
	at org.apache.catalina.authenticator.AuthenticatorBase.invoke(AuthenticatorBase.java:502)
	at org.apache.catalina.core.StandardHostValve.invoke(StandardHostValve.java:171)
	at org.apache.catalina.valves.ErrorReportValve.invoke(ErrorReportValve.java:99)
	at org.apache.catalina.valves.AccessLogValve.invoke(AccessLogValve.java:953)
	at org.apache.catalina.core.StandardEngineValve.invoke(StandardEngineValve.java:118)
	at org.apache.catalina.connector.CoyoteAdapter.service(CoyoteAdapter.java:408)
	at org.apache.coyote.http11.AbstractHttp11Processor.process(AbstractHttp11Processor.java:1023)
	at org.apache.coyote.AbstractProtocol$AbstractConnectionHandler.process(AbstractProtocol.java:589)
	at org.apache.tomcat.util.net.JIoEndpoint$SocketProcessor.run(JIoEndpoint.java:312)
	at java.util.concurrent.ThreadPoolExecutor.runWorker(ThreadPoolExecutor.java:1145)
	at java.util.concurrent.ThreadPoolExecutor$Worker.run(ThreadPoolExecutor.java:615)
	at java.lang.Thread.run(Thread.java:724)

Aug 27, 2013 1:01:11 PM org.apache.catalina.core.StandardWrapperValve invoke
SEVERE: Servlet.service() for servlet [actionServlet] in context with path [/leadapp] threw exception [com.javachap.service.impl.ServiceException: org.hibernate.exception.GenericJDBCException: Cannot open connection] with root cause
java.sql.SQLException: Access denied for user 'root'@'localhost' (using password: YES)
	at com.mysql.jdbc.MysqlIO.checkErrorPacket(MysqlIO.java:2851)
	at com.mysql.jdbc.MysqlIO.checkErrorPacket(MysqlIO.java:753)
	at com.mysql.jdbc.MysqlIO.secureAuth411(MysqlIO.java:3562)
	at com.mysql.jdbc.MysqlIO.doHandshake(MysqlIO.java:1154)
	at com.mysql.jdbc.Connection.createNewIO(Connection.java:1702)
	at com.mysql.jdbc.Connection.<init>(Connection.java:405)
	at com.mysql.jdbc.NonRegisteringDriver.connect(NonRegisteringDriver.java:268)
	at java.sql.DriverManager.getConnection(DriverManager.java:571)
	at java.sql.DriverManager.getConnection(DriverManager.java:187)
	at org.hibernate.connection.DriverManagerConnectionProvider.getConnection(DriverManagerConnectionProvider.java:110)
	at org.hibernate.jdbc.AbstractBatcher.openConnection(AbstractBatcher.java:381)
	at org.hibernate.jdbc.JDBCContext.connect(JDBCContext.java:141)
	at org.hibernate.jdbc.JDBCContext.connection(JDBCContext.java:88)
	at org.hibernate.jdbc.AbstractBatcher.prepareQueryStatement(AbstractBatcher.java:85)
	at org.hibernate.loader.Loader.prepareQueryStatement(Loader.java:1090)
	at org.hibernate.loader.Loader.doQuery(Loader.java:362)
	at org.hibernate.loader.Loader.doQueryAndInitializeNonLazyCollections(Loader.java:203)
	at org.hibernate.loader.Loader.doList(Loader.java:1499)
	at org.hibernate.loader.Loader.list(Loader.java:1482)
	at org.hibernate.loader.hql.QueryLoader.list(QueryLoader.java:365)
	at org.hibernate.hql.ast.QueryTranslatorImpl.list(QueryTranslatorImpl.java:268)
	at org.hibernate.impl.SessionImpl.list(SessionImpl.java:782)
	at org.hibernate.impl.QueryImpl.list(QueryImpl.java:74)
	at com.javachap.service.impl.UserServiceImpl.authenticate(UserServiceImpl.java:47)
	at com.javachap.web.controller.LoginAction.execute(LoginAction.java:29)
	at org.apache.struts.chain.commands.servlet.ExecuteAction.execute(ExecuteAction.java:58)
	at org.apache.struts.chain.commands.AbstractExecuteAction.execute(AbstractExecuteAction.java:67)
	at org.apache.struts.chain.commands.ActionCommandBase.execute(ActionCommandBase.java:51)
	at org.apache.commons.chain.impl.ChainBase.execute(ChainBase.java:190)
	at org.apache.commons.chain.generic.LookupCommand.execute(LookupCommand.java:304)
	at org.apache.commons.chain.impl.ChainBase.execute(ChainBase.java:190)
	at org.apache.struts.chain.ComposableRequestProcessor.process(ComposableRequestProcessor.java:283)
	at org.apache.struts.action.ActionServlet.process(ActionServlet.java:1913)
	at org.apache.struts.action.ActionServlet.doPost(ActionServlet.java:462)
	at javax.servlet.http.HttpServlet.service(HttpServlet.java:647)
	at javax.servlet.http.HttpServlet.service(HttpServlet.java:728)
	at org.apache.catalina.core.ApplicationFilterChain.internalDoFilter(ApplicationFilterChain.java:305)
	at org.apache.catalina.core.ApplicationFilterChain.doFilter(ApplicationFilterChain.java:210)
	at org.apache.catalina.core.StandardWrapperValve.invoke(StandardWrapperValve.java:222)
	at org.apache.catalina.core.StandardContextValve.invoke(StandardContextValve.java:123)
	at org.apache.catalina.authenticator.AuthenticatorBase.invoke(AuthenticatorBase.java:502)
	at org.apache.catalina.core.StandardHostValve.invoke(StandardHostValve.java:171)
	at org.apache.catalina.valves.ErrorReportValve.invoke(ErrorReportValve.java:99)
	at org.apache.catalina.valves.AccessLogValve.invoke(AccessLogValve.java:953)
	at org.apache.catalina.core.StandardEngineValve.invoke(StandardEngineValve.java:118)
	at org.apache.catalina.connector.CoyoteAdapter.service(CoyoteAdapter.java:408)
	at org.apache.coyote.http11.AbstractHttp11Processor.process(AbstractHttp11Processor.java:1023)
	at org.apache.coyote.AbstractProtocol$AbstractConnectionHandler.process(AbstractProtocol.java:589)
	at org.apache.tomcat.util.net.JIoEndpoint$SocketProcessor.run(JIoEndpoint.java:310)
	at java.util.concurrent.ThreadPoolExecutor.runWorker(ThreadPoolExecutor.java:1145)
	at java.util.concurrent.ThreadPoolExecutor$Worker.run(ThreadPoolExecutor.java:615)
	at java.lang.Thread.run(Thread.java:724)

Aug 27, 2013 1:05:18 PM org.apache.catalina.core.ApplicationContext log
INFO: ContextListener: contextInitialized()
Aug 27, 2013 1:05:18 PM org.apache.catalina.core.ApplicationContext log
INFO: SessionListener: contextInitialized()
Aug 27, 2013 1:05:18 PM org.apache.catalina.core.ApplicationContext log
INFO: ContextListener: attributeAdded('org.apache.jasper.compiler.TldLocationsCache', 'org.apache.jasper.compiler.TldLocationsCache@396ebed8')
Aug 27, 2013 1:05:18 PM org.apache.catalina.core.ApplicationContext log
INFO: SessionListener: contextDestroyed()
Aug 27, 2013 1:05:18 PM org.apache.catalina.core.ApplicationContext log
INFO: ContextListener: contextDestroyed()
Aug 27, 2013 1:05:29 PM org.apache.catalina.core.StandardWrapperValve invoke
SEVERE: Servlet.service() for servlet [actionServlet] in context with path [/leadapp] threw exception [com.javachap.service.impl.ServiceException: org.hibernate.exception.GenericJDBCException: Cannot open connection] with root cause
java.sql.SQLException: Access denied for user 'root'@'localhost' (using password: YES)
	at com.mysql.jdbc.MysqlIO.checkErrorPacket(MysqlIO.java:2851)
	at com.mysql.jdbc.MysqlIO.checkErrorPacket(MysqlIO.java:753)
	at com.mysql.jdbc.MysqlIO.secureAuth411(MysqlIO.java:3562)
	at com.mysql.jdbc.MysqlIO.doHandshake(MysqlIO.java:1154)
	at com.mysql.jdbc.Connection.createNewIO(Connection.java:1702)
	at com.mysql.jdbc.Connection.<init>(Connection.java:405)
	at com.mysql.jdbc.NonRegisteringDriver.connect(NonRegisteringDriver.java:268)
	at java.sql.DriverManager.getConnection(DriverManager.java:571)
	at java.sql.DriverManager.getConnection(DriverManager.java:187)
	at org.hibernate.connection.DriverManagerConnectionProvider.getConnection(DriverManagerConnectionProvider.java:110)
	at org.hibernate.jdbc.AbstractBatcher.openConnection(AbstractBatcher.java:381)
	at org.hibernate.jdbc.JDBCContext.connect(JDBCContext.java:141)
	at org.hibernate.jdbc.JDBCContext.connection(JDBCContext.java:88)
	at org.hibernate.jdbc.AbstractBatcher.prepareQueryStatement(AbstractBatcher.java:85)
	at org.hibernate.loader.Loader.prepareQueryStatement(Loader.java:1090)
	at org.hibernate.loader.Loader.doQuery(Loader.java:362)
	at org.hibernate.loader.Loader.doQueryAndInitializeNonLazyCollections(Loader.java:203)
	at org.hibernate.loader.Loader.doList(Loader.java:1499)
	at org.hibernate.loader.Loader.list(Loader.java:1482)
	at org.hibernate.loader.hql.QueryLoader.list(QueryLoader.java:365)
	at org.hibernate.hql.ast.QueryTranslatorImpl.list(QueryTranslatorImpl.java:268)
	at org.hibernate.impl.SessionImpl.list(SessionImpl.java:782)
	at org.hibernate.impl.QueryImpl.list(QueryImpl.java:74)
	at com.javachap.service.impl.UserServiceImpl.authenticate(UserServiceImpl.java:47)
	at com.javachap.web.controller.LoginAction.execute(LoginAction.java:29)
	at org.apache.struts.chain.commands.servlet.ExecuteAction.execute(ExecuteAction.java:58)
	at org.apache.struts.chain.commands.AbstractExecuteAction.execute(AbstractExecuteAction.java:67)
	at org.apache.struts.chain.commands.ActionCommandBase.execute(ActionCommandBase.java:51)
	at org.apache.commons.chain.impl.ChainBase.execute(ChainBase.java:190)
	at org.apache.commons.chain.generic.LookupCommand.execute(LookupCommand.java:304)
	at org.apache.commons.chain.impl.ChainBase.execute(ChainBase.java:190)
	at org.apache.struts.chain.ComposableRequestProcessor.process(ComposableRequestProcessor.java:283)
	at org.apache.struts.action.ActionServlet.process(ActionServlet.java:1913)
	at org.apache.struts.action.ActionServlet.doPost(ActionServlet.java:462)
	at javax.servlet.http.HttpServlet.service(HttpServlet.java:647)
	at javax.servlet.http.HttpServlet.service(HttpServlet.java:728)
	at org.apache.catalina.core.ApplicationFilterChain.internalDoFilter(ApplicationFilterChain.java:305)
	at org.apache.catalina.core.ApplicationFilterChain.doFilter(ApplicationFilterChain.java:210)
	at org.apache.catalina.core.StandardWrapperValve.invoke(StandardWrapperValve.java:222)
	at org.apache.catalina.core.StandardContextValve.invoke(StandardContextValve.java:123)
	at org.apache.catalina.authenticator.AuthenticatorBase.invoke(AuthenticatorBase.java:502)
	at org.apache.catalina.core.StandardHostValve.invoke(StandardHostValve.java:171)
	at org.apache.catalina.valves.ErrorReportValve.invoke(ErrorReportValve.java:99)
	at org.apache.catalina.valves.AccessLogValve.invoke(AccessLogValve.java:953)
	at org.apache.catalina.core.StandardEngineValve.invoke(StandardEngineValve.java:118)
	at org.apache.catalina.connector.CoyoteAdapter.service(CoyoteAdapter.java:408)
	at org.apache.coyote.http11.AbstractHttp11Processor.process(AbstractHttp11Processor.java:1023)
	at org.apache.coyote.AbstractProtocol$AbstractConnectionHandler.process(AbstractProtocol.java:589)
	at org.apache.tomcat.util.net.JIoEndpoint$SocketProcessor.run(JIoEndpoint.java:310)
	at java.util.concurrent.ThreadPoolExecutor.runWorker(ThreadPoolExecutor.java:1145)
	at java.util.concurrent.ThreadPoolExecutor$Worker.run(ThreadPoolExecutor.java:615)
	at java.lang.Thread.run(Thread.java:724)

Aug 27, 2013 1:05:57 PM org.apache.catalina.core.StandardWrapperValve invoke
SEVERE: Servlet.service() for servlet [actionServlet] in context with path [/leadapp] threw exception [com.javachap.service.impl.ServiceException: org.hibernate.exception.GenericJDBCException: Cannot open connection] with root cause
java.sql.SQLException: Access denied for user 'root'@'localhost' (using password: YES)
	at com.mysql.jdbc.MysqlIO.checkErrorPacket(MysqlIO.java:2851)
	at com.mysql.jdbc.MysqlIO.checkErrorPacket(MysqlIO.java:753)
	at com.mysql.jdbc.MysqlIO.secureAuth411(MysqlIO.java:3562)
	at com.mysql.jdbc.MysqlIO.doHandshake(MysqlIO.java:1154)
	at com.mysql.jdbc.Connection.createNewIO(Connection.java:1702)
	at com.mysql.jdbc.Connection.<init>(Connection.java:405)
	at com.mysql.jdbc.NonRegisteringDriver.connect(NonRegisteringDriver.java:268)
	at java.sql.DriverManager.getConnection(DriverManager.java:571)
	at java.sql.DriverManager.getConnection(DriverManager.java:187)
	at org.hibernate.connection.DriverManagerConnectionProvider.getConnection(DriverManagerConnectionProvider.java:110)
	at org.hibernate.jdbc.AbstractBatcher.openConnection(AbstractBatcher.java:381)
	at org.hibernate.jdbc.JDBCContext.connect(JDBCContext.java:141)
	at org.hibernate.jdbc.JDBCContext.connection(JDBCContext.java:88)
	at org.hibernate.jdbc.AbstractBatcher.prepareQueryStatement(AbstractBatcher.java:85)
	at org.hibernate.loader.Loader.prepareQueryStatement(Loader.java:1090)
	at org.hibernate.loader.Loader.doQuery(Loader.java:362)
	at org.hibernate.loader.Loader.doQueryAndInitializeNonLazyCollections(Loader.java:203)
	at org.hibernate.loader.Loader.doList(Loader.java:1499)
	at org.hibernate.loader.Loader.list(Loader.java:1482)
	at org.hibernate.loader.hql.QueryLoader.list(QueryLoader.java:365)
	at org.hibernate.hql.ast.QueryTranslatorImpl.list(QueryTranslatorImpl.java:268)
	at org.hibernate.impl.SessionImpl.list(SessionImpl.java:782)
	at org.hibernate.impl.QueryImpl.list(QueryImpl.java:74)
	at com.javachap.service.impl.UserServiceImpl.authenticate(UserServiceImpl.java:47)
	at com.javachap.web.controller.LoginAction.execute(LoginAction.java:29)
	at org.apache.struts.chain.commands.servlet.ExecuteAction.execute(ExecuteAction.java:58)
	at org.apache.struts.chain.commands.AbstractExecuteAction.execute(AbstractExecuteAction.java:67)
	at org.apache.struts.chain.commands.ActionCommandBase.execute(ActionCommandBase.java:51)
	at org.apache.commons.chain.impl.ChainBase.execute(ChainBase.java:190)
	at org.apache.commons.chain.generic.LookupCommand.execute(LookupCommand.java:304)
	at org.apache.commons.chain.impl.ChainBase.execute(ChainBase.java:190)
	at org.apache.struts.chain.ComposableRequestProcessor.process(ComposableRequestProcessor.java:283)
	at org.apache.struts.action.ActionServlet.process(ActionServlet.java:1913)
	at org.apache.struts.action.ActionServlet.doPost(ActionServlet.java:462)
	at javax.servlet.http.HttpServlet.service(HttpServlet.java:647)
	at javax.servlet.http.HttpServlet.service(HttpServlet.java:728)
	at org.apache.catalina.core.ApplicationFilterChain.internalDoFilter(ApplicationFilterChain.java:305)
	at org.apache.catalina.core.ApplicationFilterChain.doFilter(ApplicationFilterChain.java:210)
	at org.apache.catalina.core.StandardWrapperValve.invoke(StandardWrapperValve.java:222)
	at org.apache.catalina.core.StandardContextValve.invoke(StandardContextValve.java:123)
	at org.apache.catalina.authenticator.AuthenticatorBase.invoke(AuthenticatorBase.java:502)
	at org.apache.catalina.core.StandardHostValve.invoke(StandardHostValve.java:171)
	at org.apache.catalina.valves.ErrorReportValve.invoke(ErrorReportValve.java:99)
	at org.apache.catalina.valves.AccessLogValve.invoke(AccessLogValve.java:953)
	at org.apache.catalina.core.StandardEngineValve.invoke(StandardEngineValve.java:118)
	at org.apache.catalina.connector.CoyoteAdapter.service(CoyoteAdapter.java:408)
	at org.apache.coyote.http11.AbstractHttp11Processor.process(AbstractHttp11Processor.java:1023)
	at org.apache.coyote.AbstractProtocol$AbstractConnectionHandler.process(AbstractProtocol.java:589)
	at org.apache.tomcat.util.net.JIoEndpoint$SocketProcessor.run(JIoEndpoint.java:312)
	at java.util.concurrent.ThreadPoolExecutor.runWorker(ThreadPoolExecutor.java:1145)
	at java.util.concurrent.ThreadPoolExecutor$Worker.run(ThreadPoolExecutor.java:615)
	at java.lang.Thread.run(Thread.java:724)

Aug 27, 2013 1:09:09 PM org.apache.catalina.core.StandardWrapperValve invoke
SEVERE: Servlet.service() for servlet [actionServlet] in context with path [/leadapp] threw exception [com.javachap.service.impl.ServiceException: org.hibernate.exception.GenericJDBCException: Cannot open connection] with root cause
java.sql.SQLException: Access denied for user 'root'@'localhost' (using password: YES)
	at com.mysql.jdbc.MysqlIO.checkErrorPacket(MysqlIO.java:2851)
	at com.mysql.jdbc.MysqlIO.checkErrorPacket(MysqlIO.java:753)
	at com.mysql.jdbc.MysqlIO.secureAuth411(MysqlIO.java:3562)
	at com.mysql.jdbc.MysqlIO.doHandshake(MysqlIO.java:1154)
	at com.mysql.jdbc.Connection.createNewIO(Connection.java:1702)
	at com.mysql.jdbc.Connection.<init>(Connection.java:405)
	at com.mysql.jdbc.NonRegisteringDriver.connect(NonRegisteringDriver.java:268)
	at java.sql.DriverManager.getConnection(DriverManager.java:571)
	at java.sql.DriverManager.getConnection(DriverManager.java:187)
	at org.hibernate.connection.DriverManagerConnectionProvider.getConnection(DriverManagerConnectionProvider.java:110)
	at org.hibernate.jdbc.AbstractBatcher.openConnection(AbstractBatcher.java:381)
	at org.hibernate.jdbc.JDBCContext.connect(JDBCContext.java:141)
	at org.hibernate.jdbc.JDBCContext.connection(JDBCContext.java:88)
	at org.hibernate.jdbc.AbstractBatcher.prepareQueryStatement(AbstractBatcher.java:85)
	at org.hibernate.loader.Loader.prepareQueryStatement(Loader.java:1090)
	at org.hibernate.loader.Loader.doQuery(Loader.java:362)
	at org.hibernate.loader.Loader.doQueryAndInitializeNonLazyCollections(Loader.java:203)
	at org.hibernate.loader.Loader.doList(Loader.java:1499)
	at org.hibernate.loader.Loader.list(Loader.java:1482)
	at org.hibernate.loader.hql.QueryLoader.list(QueryLoader.java:365)
	at org.hibernate.hql.ast.QueryTranslatorImpl.list(QueryTranslatorImpl.java:268)
	at org.hibernate.impl.SessionImpl.list(SessionImpl.java:782)
	at org.hibernate.impl.QueryImpl.list(QueryImpl.java:74)
	at com.javachap.service.impl.UserServiceImpl.authenticate(UserServiceImpl.java:47)
	at com.javachap.web.controller.LoginAction.execute(LoginAction.java:29)
	at org.apache.struts.chain.commands.servlet.ExecuteAction.execute(ExecuteAction.java:58)
	at org.apache.struts.chain.commands.AbstractExecuteAction.execute(AbstractExecuteAction.java:67)
	at org.apache.struts.chain.commands.ActionCommandBase.execute(ActionCommandBase.java:51)
	at org.apache.commons.chain.impl.ChainBase.execute(ChainBase.java:190)
	at org.apache.commons.chain.generic.LookupCommand.execute(LookupCommand.java:304)
	at org.apache.commons.chain.impl.ChainBase.execute(ChainBase.java:190)
	at org.apache.struts.chain.ComposableRequestProcessor.process(ComposableRequestProcessor.java:283)
	at org.apache.struts.action.ActionServlet.process(ActionServlet.java:1913)
	at org.apache.struts.action.ActionServlet.doPost(ActionServlet.java:462)
	at javax.servlet.http.HttpServlet.service(HttpServlet.java:647)
	at javax.servlet.http.HttpServlet.service(HttpServlet.java:728)
	at org.apache.catalina.core.ApplicationFilterChain.internalDoFilter(ApplicationFilterChain.java:305)
	at org.apache.catalina.core.ApplicationFilterChain.doFilter(ApplicationFilterChain.java:210)
	at org.apache.catalina.core.StandardWrapperValve.invoke(StandardWrapperValve.java:222)
	at org.apache.catalina.core.StandardContextValve.invoke(StandardContextValve.java:123)
	at org.apache.catalina.authenticator.AuthenticatorBase.invoke(AuthenticatorBase.java:502)
	at org.apache.catalina.core.StandardHostValve.invoke(StandardHostValve.java:171)
	at org.apache.catalina.valves.ErrorReportValve.invoke(ErrorReportValve.java:99)
	at org.apache.catalina.valves.AccessLogValve.invoke(AccessLogValve.java:953)
	at org.apache.catalina.core.StandardEngineValve.invoke(StandardEngineValve.java:118)
	at org.apache.catalina.connector.CoyoteAdapter.service(CoyoteAdapter.java:408)
	at org.apache.coyote.http11.AbstractHttp11Processor.process(AbstractHttp11Processor.java:1023)
	at org.apache.coyote.AbstractProtocol$AbstractConnectionHandler.process(AbstractProtocol.java:589)
	at org.apache.tomcat.util.net.JIoEndpoint$SocketProcessor.run(JIoEndpoint.java:310)
	at java.util.concurrent.ThreadPoolExecutor.runWorker(ThreadPoolExecutor.java:1145)
	at java.util.concurrent.ThreadPoolExecutor$Worker.run(ThreadPoolExecutor.java:615)
	at java.lang.Thread.run(Thread.java:724)

Aug 27, 2013 1:21:15 PM org.apache.catalina.core.ApplicationContext log
INFO: ContextListener: contextInitialized()
Aug 27, 2013 1:21:15 PM org.apache.catalina.core.ApplicationContext log
INFO: SessionListener: contextInitialized()
Aug 27, 2013 1:21:15 PM org.apache.catalina.core.ApplicationContext log
INFO: ContextListener: attributeAdded('org.apache.jasper.compiler.TldLocationsCache', 'org.apache.jasper.compiler.TldLocationsCache@19f49052')
Aug 27, 2013 11:04:32 PM org.apache.catalina.core.ApplicationContext log
INFO: ContextListener: contextInitialized()
Aug 27, 2013 11:04:32 PM org.apache.catalina.core.ApplicationContext log
INFO: SessionListener: contextInitialized()
Aug 27, 2013 11:04:32 PM org.apache.catalina.core.ApplicationContext log
INFO: ContextListener: attributeAdded('org.apache.jasper.compiler.TldLocationsCache', 'org.apache.jasper.compiler.TldLocationsCache@419fb314')
Aug 27, 2013 11:04:32 PM org.apache.catalina.core.ApplicationContext log
INFO: SessionListener: contextDestroyed()
Aug 27, 2013 11:04:32 PM org.apache.catalina.core.ApplicationContext log
INFO: ContextListener: contextDestroyed()
